The system is: Darwin - 18.7.0 - x86_64
Compiling the C compiler identification source file "CMakeCCompilerId.c" succeeded.
Compiler: /Library/Developer/CommandLineTools/usr/bin/cc 
Build flags: 
Id flags:  

The output was:
0


Compilation of the C compiler identification source "CMakeCCompilerId.c" produced "a.out"

The C compiler identification is AppleClang, found in "/Users/aylab/Documents/Hieu/SealChipModel/imglab_source/build/CMakeFiles/3.20.2/CompilerIdC/a.out"

Compiling the CXX compiler identification source file "CMakeCXXCompilerId.cpp" succeeded.
Compiler: /Library/Developer/CommandLineTools/usr/bin/c++ 
Build flags: 
Id flags:  

The output was:
0


Compilation of the CXX compiler identification source "CMakeCXXCompilerId.cpp" produced "a.out"

The CXX compiler identification is AppleClang, found in "/Users/aylab/Documents/Hieu/SealChipModel/imglab_source/build/CMakeFiles/3.20.2/CompilerIdCXX/a.out"

Detecting C compiler ABI info compiled with the following output:
Change Dir: /Users/aylab/Documents/Hieu/SealChipModel/imglab_source/build/CMakeFiles/CMakeTmp

Run Build Command(s):/usr/bin/make -f Makefile cmTC_ba52c/fast && /Library/Developer/CommandLineTools/usr/bin/make  -f CMakeFiles/cmTC_ba52c.dir/build.make CMakeFiles/cmTC_ba52c.dir/build
Building C object CMakeFiles/cmTC_ba52c.dir/CMakeCCompilerABI.c.o
/Library/Developer/CommandLineTools/usr/bin/cc   -isysroot /Library/Developer/CommandLineTools/SDKs/MacOSX10.14.sdk   -v -Wl,-v -MD -MT CMakeFiles/cmTC_ba52c.dir/CMakeCCompilerABI.c.o -MF CMakeFiles/cmTC_ba52c.dir/CMakeCCompilerABI.c.o.d -o CMakeFiles/cmTC_ba52c.dir/CMakeCCompilerABI.c.o -c /Applications/CMake.app/Contents/share/cmake-3.20/Modules/CMakeCCompilerABI.c
Apple LLVM version 10.0.1 (clang-1001.0.46.4)
Target: x86_64-apple-darwin18.7.0
Thread model: posix
InstalledDir: /Library/Developer/CommandLineTools/usr/bin
clang: warning: -Wl,-v: 'linker' input unused [-Wunused-command-line-argument]
 "/Library/Developer/CommandLineTools/usr/bin/clang" -cc1 -triple x86_64-apple-macosx10.14.0 -Wdeprecated-objc-isa-usage -Werror=deprecated-objc-isa-usage -emit-obj -mrelax-all -disable-free -disable-llvm-verifier -discard-value-names -main-file-name CMakeCCompilerABI.c -mrelocation-model pic -pic-level 2 -mthread-model posix -mdisable-fp-elim -fno-strict-return -masm-verbose -munwind-tables -target-sdk-version=10.14 -target-cpu penryn -dwarf-column-info -debugger-tuning=lldb -target-linker-version 450.3 -v -coverage-notes-file /Users/aylab/Documents/Hieu/SealChipModel/imglab_source/build/CMakeFiles/CMakeTmp/CMakeFiles/cmTC_ba52c.dir/CMakeCCompilerABI.c.gcno -resource-dir /Library/Developer/CommandLineTools/usr/lib/clang/10.0.1 -dependency-file CMakeFiles/cmTC_ba52c.dir/CMakeCCompilerABI.c.o.d -skip-unused-modulemap-deps -sys-header-deps -MT CMakeFiles/cmTC_ba52c.dir/CMakeCCompilerABI.c.o -isysroot /Library/Developer/CommandLineTools/SDKs/MacOSX10.14.sdk -Wno-atomic-implicit-seq-cst -Wno-framework-include-private-from-public -Wno-atimport-in-framework-header -Wno-quoted-include-in-framework-header -fdebug-compilation-dir /Users/aylab/Documents/Hieu/SealChipModel/imglab_source/build/CMakeFiles/CMakeTmp -ferror-limit 19 -fmessage-length 0 -stack-protector 1 -fblocks -fencode-extended-block-signature -fregister-global-dtors-with-atexit -fobjc-runtime=macosx-10.14.0 -fmax-type-align=16 -fdiagnostics-show-option -o CMakeFiles/cmTC_ba52c.dir/CMakeCCompilerABI.c.o -x c /Applications/CMake.app/Contents/share/cmake-3.20/Modules/CMakeCCompilerABI.c
clang -cc1 version 10.0.1 (clang-1001.0.46.4) default target x86_64-apple-darwin18.7.0
ignoring nonexistent directory "/Library/Developer/CommandLineTools/SDKs/MacOSX10.14.sdk/usr/local/include"
ignoring nonexistent directory "/Library/Developer/CommandLineTools/SDKs/MacOSX10.14.sdk/Library/Frameworks"
#include "..." search starts here:
#include <...> search starts here:
 /Library/Developer/CommandLineTools/usr/lib/clang/10.0.1/include
 /Library/Developer/CommandLineTools/usr/include
 /Library/Developer/CommandLineTools/SDKs/MacOSX10.14.sdk/usr/include
 /Library/Developer/CommandLineTools/SDKs/MacOSX10.14.sdk/System/Library/Frameworks (framework directory)
End of search list.
Linking C executable cmTC_ba52c
/Applications/CMake.app/Contents/bin/cmake -E cmake_link_script CMakeFiles/cmTC_ba52c.dir/link.txt --verbose=1
/Library/Developer/CommandLineTools/usr/bin/cc  -isysroot /Library/Developer/CommandLineTools/SDKs/MacOSX10.14.sdk -Wl,-search_paths_first -Wl,-headerpad_max_install_names  -v -Wl,-v CMakeFiles/cmTC_ba52c.dir/CMakeCCompilerABI.c.o -o cmTC_ba52c 
Apple LLVM version 10.0.1 (clang-1001.0.46.4)
Target: x86_64-apple-darwin18.7.0
Thread model: posix
InstalledDir: /Library/Developer/CommandLineTools/usr/bin
 "/Library/Developer/CommandLineTools/usr/bin/ld" -demangle -lto_library /Library/Developer/CommandLineTools/usr/lib/libLTO.dylib -dynamic -arch x86_64 -macosx_version_min 10.14.0 -syslibroot /Library/Developer/CommandLineTools/SDKs/MacOSX10.14.sdk -o cmTC_ba52c -search_paths_first -headerpad_max_install_names -v CMakeFiles/cmTC_ba52c.dir/CMakeCCompilerABI.c.o -lSystem /Library/Developer/CommandLineTools/usr/lib/clang/10.0.1/lib/darwin/libclang_rt.osx.a
@(#)PROGRAM:ld  PROJECT:ld64-450.3
BUILD 18:16:53 Apr  5 2019
configured to support archs: armv6 armv7 armv7s arm64 arm64e arm64_32 i386 x86_64 x86_64h armv6m armv7k armv7m armv7em
Library search paths:
	/Library/Developer/CommandLineTools/SDKs/MacOSX10.14.sdk/usr/lib
Framework search paths:
	/Library/Developer/CommandLineTools/SDKs/MacOSX10.14.sdk/System/Library/Frameworks/



Parsed C implicit include dir info from above output: rv=done
  found start of include info
  found start of implicit include info
    add: [/Library/Developer/CommandLineTools/usr/lib/clang/10.0.1/include]
    add: [/Library/Developer/CommandLineTools/usr/include]
    add: [/Library/Developer/CommandLineTools/SDKs/MacOSX10.14.sdk/usr/include]
  end of search list found
  collapse include dir [/Library/Developer/CommandLineTools/usr/lib/clang/10.0.1/include] ==> [/Library/Developer/CommandLineTools/usr/lib/clang/10.0.1/include]
  collapse include dir [/Library/Developer/CommandLineTools/usr/include] ==> [/Library/Developer/CommandLineTools/usr/include]
  collapse include dir [/Library/Developer/CommandLineTools/SDKs/MacOSX10.14.sdk/usr/include] ==> [/Library/Developer/CommandLineTools/SDKs/MacOSX10.14.sdk/usr/include]
  implicit include dirs: [/Library/Developer/CommandLineTools/usr/lib/clang/10.0.1/include;/Library/Developer/CommandLineTools/usr/include;/Library/Developer/CommandLineTools/SDKs/MacOSX10.14.sdk/usr/include]


Parsed C implicit link information from above output:
  link line regex: [^( *|.*[/\])(ld|CMAKE_LINK_STARTFILE-NOTFOUND|([^/\]+-)?ld|collect2)[^/\]*( |$)]
  ignore line: [Change Dir: /Users/aylab/Documents/Hieu/SealChipModel/imglab_source/build/CMakeFiles/CMakeTmp]
  ignore line: []
  ignore line: [Run Build Command(s):/usr/bin/make -f Makefile cmTC_ba52c/fast && /Library/Developer/CommandLineTools/usr/bin/make  -f CMakeFiles/cmTC_ba52c.dir/build.make CMakeFiles/cmTC_ba52c.dir/build]
  ignore line: [Building C object CMakeFiles/cmTC_ba52c.dir/CMakeCCompilerABI.c.o]
  ignore line: [/Library/Developer/CommandLineTools/usr/bin/cc   -isysroot /Library/Developer/CommandLineTools/SDKs/MacOSX10.14.sdk   -v -Wl -v -MD -MT CMakeFiles/cmTC_ba52c.dir/CMakeCCompilerABI.c.o -MF CMakeFiles/cmTC_ba52c.dir/CMakeCCompilerABI.c.o.d -o CMakeFiles/cmTC_ba52c.dir/CMakeCCompilerABI.c.o -c /Applications/CMake.app/Contents/share/cmake-3.20/Modules/CMakeCCompilerABI.c]
  ignore line: [Apple LLVM version 10.0.1 (clang-1001.0.46.4)]
  ignore line: [Target: x86_64-apple-darwin18.7.0]
  ignore line: [Thread model: posix]
  ignore line: [InstalledDir: /Library/Developer/CommandLineTools/usr/bin]
  ignore line: [clang: warning: -Wl -v: 'linker' input unused [-Wunused-command-line-argument]]
  ignore line: [ "/Library/Developer/CommandLineTools/usr/bin/clang" -cc1 -triple x86_64-apple-macosx10.14.0 -Wdeprecated-objc-isa-usage -Werror=deprecated-objc-isa-usage -emit-obj -mrelax-all -disable-free -disable-llvm-verifier -discard-value-names -main-file-name CMakeCCompilerABI.c -mrelocation-model pic -pic-level 2 -mthread-model posix -mdisable-fp-elim -fno-strict-return -masm-verbose -munwind-tables -target-sdk-version=10.14 -target-cpu penryn -dwarf-column-info -debugger-tuning=lldb -target-linker-version 450.3 -v -coverage-notes-file /Users/aylab/Documents/Hieu/SealChipModel/imglab_source/build/CMakeFiles/CMakeTmp/CMakeFiles/cmTC_ba52c.dir/CMakeCCompilerABI.c.gcno -resource-dir /Library/Developer/CommandLineTools/usr/lib/clang/10.0.1 -dependency-file CMakeFiles/cmTC_ba52c.dir/CMakeCCompilerABI.c.o.d -skip-unused-modulemap-deps -sys-header-deps -MT CMakeFiles/cmTC_ba52c.dir/CMakeCCompilerABI.c.o -isysroot /Library/Developer/CommandLineTools/SDKs/MacOSX10.14.sdk -Wno-atomic-implicit-seq-cst -Wno-framework-include-private-from-public -Wno-atimport-in-framework-header -Wno-quoted-include-in-framework-header -fdebug-compilation-dir /Users/aylab/Documents/Hieu/SealChipModel/imglab_source/build/CMakeFiles/CMakeTmp -ferror-limit 19 -fmessage-length 0 -stack-protector 1 -fblocks -fencode-extended-block-signature -fregister-global-dtors-with-atexit -fobjc-runtime=macosx-10.14.0 -fmax-type-align=16 -fdiagnostics-show-option -o CMakeFiles/cmTC_ba52c.dir/CMakeCCompilerABI.c.o -x c /Applications/CMake.app/Contents/share/cmake-3.20/Modules/CMakeCCompilerABI.c]
  ignore line: [clang -cc1 version 10.0.1 (clang-1001.0.46.4) default target x86_64-apple-darwin18.7.0]
  ignore line: [ignoring nonexistent directory "/Library/Developer/CommandLineTools/SDKs/MacOSX10.14.sdk/usr/local/include"]
  ignore line: [ignoring nonexistent directory "/Library/Developer/CommandLineTools/SDKs/MacOSX10.14.sdk/Library/Frameworks"]
  ignore line: [#include "..." search starts here:]
  ignore line: [#include <...> search starts here:]
  ignore line: [ /Library/Developer/CommandLineTools/usr/lib/clang/10.0.1/include]
  ignore line: [ /Library/Developer/CommandLineTools/usr/include]
  ignore line: [ /Library/Developer/CommandLineTools/SDKs/MacOSX10.14.sdk/usr/include]
  ignore line: [ /Library/Developer/CommandLineTools/SDKs/MacOSX10.14.sdk/System/Library/Frameworks (framework directory)]
  ignore line: [End of search list.]
  ignore line: [Linking C executable cmTC_ba52c]
  ignore line: [/Applications/CMake.app/Contents/bin/cmake -E cmake_link_script CMakeFiles/cmTC_ba52c.dir/link.txt --verbose=1]
  ignore line: [/Library/Developer/CommandLineTools/usr/bin/cc  -isysroot /Library/Developer/CommandLineTools/SDKs/MacOSX10.14.sdk -Wl -search_paths_first -Wl -headerpad_max_install_names  -v -Wl -v CMakeFiles/cmTC_ba52c.dir/CMakeCCompilerABI.c.o -o cmTC_ba52c ]
  ignore line: [Apple LLVM version 10.0.1 (clang-1001.0.46.4)]
  ignore line: [Target: x86_64-apple-darwin18.7.0]
  ignore line: [Thread model: posix]
  ignore line: [InstalledDir: /Library/Developer/CommandLineTools/usr/bin]
  link line: [ "/Library/Developer/CommandLineTools/usr/bin/ld" -demangle -lto_library /Library/Developer/CommandLineTools/usr/lib/libLTO.dylib -dynamic -arch x86_64 -macosx_version_min 10.14.0 -syslibroot /Library/Developer/CommandLineTools/SDKs/MacOSX10.14.sdk -o cmTC_ba52c -search_paths_first -headerpad_max_install_names -v CMakeFiles/cmTC_ba52c.dir/CMakeCCompilerABI.c.o -lSystem /Library/Developer/CommandLineTools/usr/lib/clang/10.0.1/lib/darwin/libclang_rt.osx.a]
    arg [/Library/Developer/CommandLineTools/usr/bin/ld] ==> ignore
    arg [-demangle] ==> ignore
    arg [-lto_library] ==> ignore, skip following value
    arg [/Library/Developer/CommandLineTools/usr/lib/libLTO.dylib] ==> skip value of -lto_library
    arg [-dynamic] ==> ignore
    arg [-arch] ==> ignore
    arg [x86_64] ==> ignore
    arg [-macosx_version_min] ==> ignore
    arg [10.14.0] ==> ignore
    arg [-syslibroot] ==> ignore
    arg [/Library/Developer/CommandLineTools/SDKs/MacOSX10.14.sdk] ==> ignore
    arg [-o] ==> ignore
    arg [cmTC_ba52c] ==> ignore
    arg [-search_paths_first] ==> ignore
    arg [-headerpad_max_install_names] ==> ignore
    arg [-v] ==> ignore
    arg [CMakeFiles/cmTC_ba52c.dir/CMakeCCompilerABI.c.o] ==> ignore
    arg [-lSystem] ==> lib [System]
    arg [/Library/Developer/CommandLineTools/usr/lib/clang/10.0.1/lib/darwin/libclang_rt.osx.a] ==> lib [/Library/Developer/CommandLineTools/usr/lib/clang/10.0.1/lib/darwin/libclang_rt.osx.a]
  Library search paths: [;/Library/Developer/CommandLineTools/SDKs/MacOSX10.14.sdk/usr/lib]
  Framework search paths: [;/Library/Developer/CommandLineTools/SDKs/MacOSX10.14.sdk/System/Library/Frameworks/]
  remove lib [System]
  remove lib [/Library/Developer/CommandLineTools/usr/lib/clang/10.0.1/lib/darwin/libclang_rt.osx.a]
  collapse library dir [/Library/Developer/CommandLineTools/SDKs/MacOSX10.14.sdk/usr/lib] ==> [/Library/Developer/CommandLineTools/SDKs/MacOSX10.14.sdk/usr/lib]
  collapse framework dir [/Library/Developer/CommandLineTools/SDKs/MacOSX10.14.sdk/System/Library/Frameworks/] ==> [/Library/Developer/CommandLineTools/SDKs/MacOSX10.14.sdk/System/Library/Frameworks]
  implicit libs: []
  implicit objs: []
  implicit dirs: [/Library/Developer/CommandLineTools/SDKs/MacOSX10.14.sdk/usr/lib]
  implicit fwks: [/Library/Developer/CommandLineTools/SDKs/MacOSX10.14.sdk/System/Library/Frameworks]


Detecting CXX compiler ABI info compiled with the following output:
Change Dir: /Users/aylab/Documents/Hieu/SealChipModel/imglab_source/build/CMakeFiles/CMakeTmp

Run Build Command(s):/usr/bin/make -f Makefile cmTC_f6515/fast && /Library/Developer/CommandLineTools/usr/bin/make  -f CMakeFiles/cmTC_f6515.dir/build.make CMakeFiles/cmTC_f6515.dir/build
Building CXX object CMakeFiles/cmTC_f6515.dir/CMakeCXXCompilerABI.cpp.o
/Library/Developer/CommandLineTools/usr/bin/c++   -isysroot /Library/Developer/CommandLineTools/SDKs/MacOSX10.14.sdk   -v -Wl,-v -MD -MT CMakeFiles/cmTC_f6515.dir/CMakeCXXCompilerABI.cpp.o -MF CMakeFiles/cmTC_f6515.dir/CMakeCXXCompilerABI.cpp.o.d -o CMakeFiles/cmTC_f6515.dir/CMakeCXXCompilerABI.cpp.o -c /Applications/CMake.app/Contents/share/cmake-3.20/Modules/CMakeCXXCompilerABI.cpp
Apple LLVM version 10.0.1 (clang-1001.0.46.4)
Target: x86_64-apple-darwin18.7.0
Thread model: posix
InstalledDir: /Library/Developer/CommandLineTools/usr/bin
clang: warning: -Wl,-v: 'linker' input unused [-Wunused-command-line-argument]
 "/Library/Developer/CommandLineTools/usr/bin/clang" -cc1 -triple x86_64-apple-macosx10.14.0 -Wdeprecated-objc-isa-usage -Werror=deprecated-objc-isa-usage -emit-obj -mrelax-all -disable-free -disable-llvm-verifier -discard-value-names -main-file-name CMakeCXXCompilerABI.cpp -mrelocation-model pic -pic-level 2 -mthread-model posix -mdisable-fp-elim -fno-strict-return -masm-verbose -munwind-tables -target-sdk-version=10.14 -target-cpu penryn -dwarf-column-info -debugger-tuning=lldb -target-linker-version 450.3 -v -coverage-notes-file /Users/aylab/Documents/Hieu/SealChipModel/imglab_source/build/CMakeFiles/CMakeTmp/CMakeFiles/cmTC_f6515.dir/CMakeCXXCompilerABI.cpp.gcno -resource-dir /Library/Developer/CommandLineTools/usr/lib/clang/10.0.1 -dependency-file CMakeFiles/cmTC_f6515.dir/CMakeCXXCompilerABI.cpp.o.d -skip-unused-modulemap-deps -sys-header-deps -MT CMakeFiles/cmTC_f6515.dir/CMakeCXXCompilerABI.cpp.o -isysroot /Library/Developer/CommandLineTools/SDKs/MacOSX10.14.sdk -stdlib=libc++ -Wno-atomic-implicit-seq-cst -Wno-framework-include-private-from-public -Wno-atimport-in-framework-header -Wno-quoted-include-in-framework-header -fdeprecated-macro -fdebug-compilation-dir /Users/aylab/Documents/Hieu/SealChipModel/imglab_source/build/CMakeFiles/CMakeTmp -ferror-limit 19 -fmessage-length 0 -stack-protector 1 -fblocks -fencode-extended-block-signature -fregister-global-dtors-with-atexit -fobjc-runtime=macosx-10.14.0 -fcxx-exceptions -fexceptions -fmax-type-align=16 -fdiagnostics-show-option -o CMakeFiles/cmTC_f6515.dir/CMakeCXXCompilerABI.cpp.o -x c++ /Applications/CMake.app/Contents/share/cmake-3.20/Modules/CMakeCXXCompilerABI.cpp
clang -cc1 version 10.0.1 (clang-1001.0.46.4) default target x86_64-apple-darwin18.7.0
ignoring nonexistent directory "/Library/Developer/CommandLineTools/SDKs/MacOSX10.14.sdk/usr/include/c++/v1"
ignoring nonexistent directory "/Library/Developer/CommandLineTools/SDKs/MacOSX10.14.sdk/usr/local/include"
ignoring nonexistent directory "/Library/Developer/CommandLineTools/SDKs/MacOSX10.14.sdk/Library/Frameworks"
#include "..." search starts here:
#include <...> search starts here:
 /Library/Developer/CommandLineTools/usr/include/c++/v1
 /Library/Developer/CommandLineTools/usr/lib/clang/10.0.1/include
 /Library/Developer/CommandLineTools/usr/include
 /Library/Developer/CommandLineTools/SDKs/MacOSX10.14.sdk/usr/include
 /Library/Developer/CommandLineTools/SDKs/MacOSX10.14.sdk/System/Library/Frameworks (framework directory)
End of search list.
Linking CXX executable cmTC_f6515
/Applications/CMake.app/Contents/bin/cmake -E cmake_link_script CMakeFiles/cmTC_f6515.dir/link.txt --verbose=1
/Library/Developer/CommandLineTools/usr/bin/c++  -isysroot /Library/Developer/CommandLineTools/SDKs/MacOSX10.14.sdk -Wl,-search_paths_first -Wl,-headerpad_max_install_names  -v -Wl,-v CMakeFiles/cmTC_f6515.dir/CMakeCXXCompilerABI.cpp.o -o cmTC_f6515 
Apple LLVM version 10.0.1 (clang-1001.0.46.4)
Target: x86_64-apple-darwin18.7.0
Thread model: posix
InstalledDir: /Library/Developer/CommandLineTools/usr/bin
 "/Library/Developer/CommandLineTools/usr/bin/ld" -demangle -lto_library /Library/Developer/CommandLineTools/usr/lib/libLTO.dylib -dynamic -arch x86_64 -macosx_version_min 10.14.0 -syslibroot /Library/Developer/CommandLineTools/SDKs/MacOSX10.14.sdk -o cmTC_f6515 -search_paths_first -headerpad_max_install_names -v CMakeFiles/cmTC_f6515.dir/CMakeCXXCompilerABI.cpp.o -lc++ -lSystem /Library/Developer/CommandLineTools/usr/lib/clang/10.0.1/lib/darwin/libclang_rt.osx.a
@(#)PROGRAM:ld  PROJECT:ld64-450.3
BUILD 18:16:53 Apr  5 2019
configured to support archs: armv6 armv7 armv7s arm64 arm64e arm64_32 i386 x86_64 x86_64h armv6m armv7k armv7m armv7em
Library search paths:
	/Library/Developer/CommandLineTools/SDKs/MacOSX10.14.sdk/usr/lib
Framework search paths:
	/Library/Developer/CommandLineTools/SDKs/MacOSX10.14.sdk/System/Library/Frameworks/



Parsed CXX implicit include dir info from above output: rv=done
  found start of include info
  found start of implicit include info
    add: [/Library/Developer/CommandLineTools/usr/include/c++/v1]
    add: [/Library/Developer/CommandLineTools/usr/lib/clang/10.0.1/include]
    add: [/Library/Developer/CommandLineTools/usr/include]
    add: [/Library/Developer/CommandLineTools/SDKs/MacOSX10.14.sdk/usr/include]
  end of search list found
  collapse include dir [/Library/Developer/CommandLineTools/usr/include/c++/v1] ==> [/Library/Developer/CommandLineTools/usr/include/c++/v1]
  collapse include dir [/Library/Developer/CommandLineTools/usr/lib/clang/10.0.1/include] ==> [/Library/Developer/CommandLineTools/usr/lib/clang/10.0.1/include]
  collapse include dir [/Library/Developer/CommandLineTools/usr/include] ==> [/Library/Developer/CommandLineTools/usr/include]
  collapse include dir [/Library/Developer/CommandLineTools/SDKs/MacOSX10.14.sdk/usr/include] ==> [/Library/Developer/CommandLineTools/SDKs/MacOSX10.14.sdk/usr/include]
  implicit include dirs: [/Library/Developer/CommandLineTools/usr/include/c++/v1;/Library/Developer/CommandLineTools/usr/lib/clang/10.0.1/include;/Library/Developer/CommandLineTools/usr/include;/Library/Developer/CommandLineTools/SDKs/MacOSX10.14.sdk/usr/include]


Parsed CXX implicit link information from above output:
  link line regex: [^( *|.*[/\])(ld|CMAKE_LINK_STARTFILE-NOTFOUND|([^/\]+-)?ld|collect2)[^/\]*( |$)]
  ignore line: [Change Dir: /Users/aylab/Documents/Hieu/SealChipModel/imglab_source/build/CMakeFiles/CMakeTmp]
  ignore line: []
  ignore line: [Run Build Command(s):/usr/bin/make -f Makefile cmTC_f6515/fast && /Library/Developer/CommandLineTools/usr/bin/make  -f CMakeFiles/cmTC_f6515.dir/build.make CMakeFiles/cmTC_f6515.dir/build]
  ignore line: [Building CXX object CMakeFiles/cmTC_f6515.dir/CMakeCXXCompilerABI.cpp.o]
  ignore line: [/Library/Developer/CommandLineTools/usr/bin/c++   -isysroot /Library/Developer/CommandLineTools/SDKs/MacOSX10.14.sdk   -v -Wl -v -MD -MT CMakeFiles/cmTC_f6515.dir/CMakeCXXCompilerABI.cpp.o -MF CMakeFiles/cmTC_f6515.dir/CMakeCXXCompilerABI.cpp.o.d -o CMakeFiles/cmTC_f6515.dir/CMakeCXXCompilerABI.cpp.o -c /Applications/CMake.app/Contents/share/cmake-3.20/Modules/CMakeCXXCompilerABI.cpp]
  ignore line: [Apple LLVM version 10.0.1 (clang-1001.0.46.4)]
  ignore line: [Target: x86_64-apple-darwin18.7.0]
  ignore line: [Thread model: posix]
  ignore line: [InstalledDir: /Library/Developer/CommandLineTools/usr/bin]
  ignore line: [clang: warning: -Wl -v: 'linker' input unused [-Wunused-command-line-argument]]
  ignore line: [ "/Library/Developer/CommandLineTools/usr/bin/clang" -cc1 -triple x86_64-apple-macosx10.14.0 -Wdeprecated-objc-isa-usage -Werror=deprecated-objc-isa-usage -emit-obj -mrelax-all -disable-free -disable-llvm-verifier -discard-value-names -main-file-name CMakeCXXCompilerABI.cpp -mrelocation-model pic -pic-level 2 -mthread-model posix -mdisable-fp-elim -fno-strict-return -masm-verbose -munwind-tables -target-sdk-version=10.14 -target-cpu penryn -dwarf-column-info -debugger-tuning=lldb -target-linker-version 450.3 -v -coverage-notes-file /Users/aylab/Documents/Hieu/SealChipModel/imglab_source/build/CMakeFiles/CMakeTmp/CMakeFiles/cmTC_f6515.dir/CMakeCXXCompilerABI.cpp.gcno -resource-dir /Library/Developer/CommandLineTools/usr/lib/clang/10.0.1 -dependency-file CMakeFiles/cmTC_f6515.dir/CMakeCXXCompilerABI.cpp.o.d -skip-unused-modulemap-deps -sys-header-deps -MT CMakeFiles/cmTC_f6515.dir/CMakeCXXCompilerABI.cpp.o -isysroot /Library/Developer/CommandLineTools/SDKs/MacOSX10.14.sdk -stdlib=libc++ -Wno-atomic-implicit-seq-cst -Wno-framework-include-private-from-public -Wno-atimport-in-framework-header -Wno-quoted-include-in-framework-header -fdeprecated-macro -fdebug-compilation-dir /Users/aylab/Documents/Hieu/SealChipModel/imglab_source/build/CMakeFiles/CMakeTmp -ferror-limit 19 -fmessage-length 0 -stack-protector 1 -fblocks -fencode-extended-block-signature -fregister-global-dtors-with-atexit -fobjc-runtime=macosx-10.14.0 -fcxx-exceptions -fexceptions -fmax-type-align=16 -fdiagnostics-show-option -o CMakeFiles/cmTC_f6515.dir/CMakeCXXCompilerABI.cpp.o -x c++ /Applications/CMake.app/Contents/share/cmake-3.20/Modules/CMakeCXXCompilerABI.cpp]
  ignore line: [clang -cc1 version 10.0.1 (clang-1001.0.46.4) default target x86_64-apple-darwin18.7.0]
  ignore line: [ignoring nonexistent directory "/Library/Developer/CommandLineTools/SDKs/MacOSX10.14.sdk/usr/include/c++/v1"]
  ignore line: [ignoring nonexistent directory "/Library/Developer/CommandLineTools/SDKs/MacOSX10.14.sdk/usr/local/include"]
  ignore line: [ignoring nonexistent directory "/Library/Developer/CommandLineTools/SDKs/MacOSX10.14.sdk/Library/Frameworks"]
  ignore line: [#include "..." search starts here:]
  ignore line: [#include <...> search starts here:]
  ignore line: [ /Library/Developer/CommandLineTools/usr/include/c++/v1]
  ignore line: [ /Library/Developer/CommandLineTools/usr/lib/clang/10.0.1/include]
  ignore line: [ /Library/Developer/CommandLineTools/usr/include]
  ignore line: [ /Library/Developer/CommandLineTools/SDKs/MacOSX10.14.sdk/usr/include]
  ignore line: [ /Library/Developer/CommandLineTools/SDKs/MacOSX10.14.sdk/System/Library/Frameworks (framework directory)]
  ignore line: [End of search list.]
  ignore line: [Linking CXX executable cmTC_f6515]
  ignore line: [/Applications/CMake.app/Contents/bin/cmake -E cmake_link_script CMakeFiles/cmTC_f6515.dir/link.txt --verbose=1]
  ignore line: [/Library/Developer/CommandLineTools/usr/bin/c++  -isysroot /Library/Developer/CommandLineTools/SDKs/MacOSX10.14.sdk -Wl -search_paths_first -Wl -headerpad_max_install_names  -v -Wl -v CMakeFiles/cmTC_f6515.dir/CMakeCXXCompilerABI.cpp.o -o cmTC_f6515 ]
  ignore line: [Apple LLVM version 10.0.1 (clang-1001.0.46.4)]
  ignore line: [Target: x86_64-apple-darwin18.7.0]
  ignore line: [Thread model: posix]
  ignore line: [InstalledDir: /Library/Developer/CommandLineTools/usr/bin]
  link line: [ "/Library/Developer/CommandLineTools/usr/bin/ld" -demangle -lto_library /Library/Developer/CommandLineTools/usr/lib/libLTO.dylib -dynamic -arch x86_64 -macosx_version_min 10.14.0 -syslibroot /Library/Developer/CommandLineTools/SDKs/MacOSX10.14.sdk -o cmTC_f6515 -search_paths_first -headerpad_max_install_names -v CMakeFiles/cmTC_f6515.dir/CMakeCXXCompilerABI.cpp.o -lc++ -lSystem /Library/Developer/CommandLineTools/usr/lib/clang/10.0.1/lib/darwin/libclang_rt.osx.a]
    arg [/Library/Developer/CommandLineTools/usr/bin/ld] ==> ignore
    arg [-demangle] ==> ignore
    arg [-lto_library] ==> ignore, skip following value
    arg [/Library/Developer/CommandLineTools/usr/lib/libLTO.dylib] ==> skip value of -lto_library
    arg [-dynamic] ==> ignore
    arg [-arch] ==> ignore
    arg [x86_64] ==> ignore
    arg [-macosx_version_min] ==> ignore
    arg [10.14.0] ==> ignore
    arg [-syslibroot] ==> ignore
    arg [/Library/Developer/CommandLineTools/SDKs/MacOSX10.14.sdk] ==> ignore
    arg [-o] ==> ignore
    arg [cmTC_f6515] ==> ignore
    arg [-search_paths_first] ==> ignore
    arg [-headerpad_max_install_names] ==> ignore
    arg [-v] ==> ignore
    arg [CMakeFiles/cmTC_f6515.dir/CMakeCXXCompilerABI.cpp.o] ==> ignore
    arg [-lc++] ==> lib [c++]
    arg [-lSystem] ==> lib [System]
    arg [/Library/Developer/CommandLineTools/usr/lib/clang/10.0.1/lib/darwin/libclang_rt.osx.a] ==> lib [/Library/Developer/CommandLineTools/usr/lib/clang/10.0.1/lib/darwin/libclang_rt.osx.a]
  Library search paths: [;/Library/Developer/CommandLineTools/SDKs/MacOSX10.14.sdk/usr/lib]
  Framework search paths: [;/Library/Developer/CommandLineTools/SDKs/MacOSX10.14.sdk/System/Library/Frameworks/]
  remove lib [System]
  remove lib [/Library/Developer/CommandLineTools/usr/lib/clang/10.0.1/lib/darwin/libclang_rt.osx.a]
  collapse library dir [/Library/Developer/CommandLineTools/SDKs/MacOSX10.14.sdk/usr/lib] ==> [/Library/Developer/CommandLineTools/SDKs/MacOSX10.14.sdk/usr/lib]
  collapse framework dir [/Library/Developer/CommandLineTools/SDKs/MacOSX10.14.sdk/System/Library/Frameworks/] ==> [/Library/Developer/CommandLineTools/SDKs/MacOSX10.14.sdk/System/Library/Frameworks]
  implicit libs: [c++]
  implicit objs: []
  implicit dirs: [/Library/Developer/CommandLineTools/SDKs/MacOSX10.14.sdk/usr/lib]
  implicit fwks: [/Library/Developer/CommandLineTools/SDKs/MacOSX10.14.sdk/System/Library/Frameworks]


Determining if the include file pthread.h exists passed with the following output:
Change Dir: /Users/aylab/Documents/Hieu/SealChipModel/imglab_source/build/CMakeFiles/CMakeTmp

Run Build Command(s):/usr/bin/make -f Makefile cmTC_a36ac/fast && /Library/Developer/CommandLineTools/usr/bin/make  -f CMakeFiles/cmTC_a36ac.dir/build.make CMakeFiles/cmTC_a36ac.dir/build
Building C object CMakeFiles/cmTC_a36ac.dir/CheckIncludeFile.c.o
/Library/Developer/CommandLineTools/usr/bin/cc   -isysroot /Library/Developer/CommandLineTools/SDKs/MacOSX10.14.sdk -MD -MT CMakeFiles/cmTC_a36ac.dir/CheckIncludeFile.c.o -MF CMakeFiles/cmTC_a36ac.dir/CheckIncludeFile.c.o.d -o CMakeFiles/cmTC_a36ac.dir/CheckIncludeFile.c.o -c /Users/aylab/Documents/Hieu/SealChipModel/imglab_source/build/CMakeFiles/CMakeTmp/CheckIncludeFile.c
Linking C executable cmTC_a36ac
/Applications/CMake.app/Contents/bin/cmake -E cmake_link_script CMakeFiles/cmTC_a36ac.dir/link.txt --verbose=1
/Library/Developer/CommandLineTools/usr/bin/cc  -isysroot /Library/Developer/CommandLineTools/SDKs/MacOSX10.14.sdk -Wl,-search_paths_first -Wl,-headerpad_max_install_names CMakeFiles/cmTC_a36ac.dir/CheckIncludeFile.c.o -o cmTC_a36ac 



Performing C SOURCE FILE Test CMAKE_HAVE_LIBC_PTHREAD succeeded with the following output:
Change Dir: /Users/aylab/Documents/Hieu/SealChipModel/imglab_source/build/CMakeFiles/CMakeTmp

Run Build Command(s):/usr/bin/make -f Makefile cmTC_25ac2/fast && /Library/Developer/CommandLineTools/usr/bin/make  -f CMakeFiles/cmTC_25ac2.dir/build.make CMakeFiles/cmTC_25ac2.dir/build
Building C object CMakeFiles/cmTC_25ac2.dir/src.c.o
/Library/Developer/CommandLineTools/usr/bin/cc -DCMAKE_HAVE_LIBC_PTHREAD  -isysroot /Library/Developer/CommandLineTools/SDKs/MacOSX10.14.sdk -MD -MT CMakeFiles/cmTC_25ac2.dir/src.c.o -MF CMakeFiles/cmTC_25ac2.dir/src.c.o.d -o CMakeFiles/cmTC_25ac2.dir/src.c.o -c /Users/aylab/Documents/Hieu/SealChipModel/imglab_source/build/CMakeFiles/CMakeTmp/src.c
Linking C executable cmTC_25ac2
/Applications/CMake.app/Contents/bin/cmake -E cmake_link_script CMakeFiles/cmTC_25ac2.dir/link.txt --verbose=1
/Library/Developer/CommandLineTools/usr/bin/cc  -isysroot /Library/Developer/CommandLineTools/SDKs/MacOSX10.14.sdk -Wl,-search_paths_first -Wl,-headerpad_max_install_names CMakeFiles/cmTC_25ac2.dir/src.c.o -o cmTC_25ac2 


Source file was:
#include <pthread.h>

static void* test_func(void* data)
{
  return data;
}

int main(void)
{
  pthread_t thread;
  pthread_create(&thread, NULL, test_func, NULL);
  pthread_detach(thread);
  pthread_cancel(thread);
  pthread_join(thread, NULL);
  pthread_atfork(NULL, NULL, NULL);
  pthread_exit(NULL);

  return 0;
}

Determining if the function XOpenDisplay exists in the /usr/X11R6/lib/libX11.dylib;/usr/X11R6/lib/libXext.dylib passed with the following output:
Change Dir: /Users/aylab/Documents/Hieu/SealChipModel/imglab_source/build/CMakeFiles/CMakeTmp

Run Build Command(s):/usr/bin/make -f Makefile cmTC_fea21/fast && /Library/Developer/CommandLineTools/usr/bin/make  -f CMakeFiles/cmTC_fea21.dir/build.make CMakeFiles/cmTC_fea21.dir/build
Building C object CMakeFiles/cmTC_fea21.dir/CheckFunctionExists.c.o
/Library/Developer/CommandLineTools/usr/bin/cc   -DCHECK_FUNCTION_EXISTS=XOpenDisplay -isysroot /Library/Developer/CommandLineTools/SDKs/MacOSX10.14.sdk -MD -MT CMakeFiles/cmTC_fea21.dir/CheckFunctionExists.c.o -MF CMakeFiles/cmTC_fea21.dir/CheckFunctionExists.c.o.d -o CMakeFiles/cmTC_fea21.dir/CheckFunctionExists.c.o -c /Applications/CMake.app/Contents/share/cmake-3.20/Modules/CheckFunctionExists.c
Linking C executable cmTC_fea21
/Applications/CMake.app/Contents/bin/cmake -E cmake_link_script CMakeFiles/cmTC_fea21.dir/link.txt --verbose=1
/Library/Developer/CommandLineTools/usr/bin/cc  -DCHECK_FUNCTION_EXISTS=XOpenDisplay -isysroot /Library/Developer/CommandLineTools/SDKs/MacOSX10.14.sdk -Wl,-search_paths_first -Wl,-headerpad_max_install_names CMakeFiles/cmTC_fea21.dir/CheckFunctionExists.c.o -o cmTC_fea21   -L/usr/X11R6/lib  -Wl,-rpath,/usr/X11R6/lib /usr/X11R6/lib/libX11.dylib /usr/X11R6/lib/libXext.dylib 



Determining if the function gethostbyname exists passed with the following output:
Change Dir: /Users/aylab/Documents/Hieu/SealChipModel/imglab_source/build/CMakeFiles/CMakeTmp

Run Build Command(s):/usr/bin/make -f Makefile cmTC_b6d04/fast && /Library/Developer/CommandLineTools/usr/bin/make  -f CMakeFiles/cmTC_b6d04.dir/build.make CMakeFiles/cmTC_b6d04.dir/build
Building C object CMakeFiles/cmTC_b6d04.dir/CheckFunctionExists.c.o
/Library/Developer/CommandLineTools/usr/bin/cc   -DCHECK_FUNCTION_EXISTS=gethostbyname -isysroot /Library/Developer/CommandLineTools/SDKs/MacOSX10.14.sdk -MD -MT CMakeFiles/cmTC_b6d04.dir/CheckFunctionExists.c.o -MF CMakeFiles/cmTC_b6d04.dir/CheckFunctionExists.c.o.d -o CMakeFiles/cmTC_b6d04.dir/CheckFunctionExists.c.o -c /Applications/CMake.app/Contents/share/cmake-3.20/Modules/CheckFunctionExists.c
Linking C executable cmTC_b6d04
/Applications/CMake.app/Contents/bin/cmake -E cmake_link_script CMakeFiles/cmTC_b6d04.dir/link.txt --verbose=1
/Library/Developer/CommandLineTools/usr/bin/cc  -DCHECK_FUNCTION_EXISTS=gethostbyname -isysroot /Library/Developer/CommandLineTools/SDKs/MacOSX10.14.sdk -Wl,-search_paths_first -Wl,-headerpad_max_install_names CMakeFiles/cmTC_b6d04.dir/CheckFunctionExists.c.o -o cmTC_b6d04 



Determining if the function connect exists passed with the following output:
Change Dir: /Users/aylab/Documents/Hieu/SealChipModel/imglab_source/build/CMakeFiles/CMakeTmp

Run Build Command(s):/usr/bin/make -f Makefile cmTC_e02a0/fast && /Library/Developer/CommandLineTools/usr/bin/make  -f CMakeFiles/cmTC_e02a0.dir/build.make CMakeFiles/cmTC_e02a0.dir/build
Building C object CMakeFiles/cmTC_e02a0.dir/CheckFunctionExists.c.o
/Library/Developer/CommandLineTools/usr/bin/cc   -DCHECK_FUNCTION_EXISTS=connect -isysroot /Library/Developer/CommandLineTools/SDKs/MacOSX10.14.sdk -MD -MT CMakeFiles/cmTC_e02a0.dir/CheckFunctionExists.c.o -MF CMakeFiles/cmTC_e02a0.dir/CheckFunctionExists.c.o.d -o CMakeFiles/cmTC_e02a0.dir/CheckFunctionExists.c.o -c /Applications/CMake.app/Contents/share/cmake-3.20/Modules/CheckFunctionExists.c
Linking C executable cmTC_e02a0
/Applications/CMake.app/Contents/bin/cmake -E cmake_link_script CMakeFiles/cmTC_e02a0.dir/link.txt --verbose=1
/Library/Developer/CommandLineTools/usr/bin/cc  -DCHECK_FUNCTION_EXISTS=connect -isysroot /Library/Developer/CommandLineTools/SDKs/MacOSX10.14.sdk -Wl,-search_paths_first -Wl,-headerpad_max_install_names CMakeFiles/cmTC_e02a0.dir/CheckFunctionExists.c.o -o cmTC_e02a0 



Determining if the function remove exists passed with the following output:
Change Dir: /Users/aylab/Documents/Hieu/SealChipModel/imglab_source/build/CMakeFiles/CMakeTmp

Run Build Command(s):/usr/bin/make -f Makefile cmTC_fc2fb/fast && /Library/Developer/CommandLineTools/usr/bin/make  -f CMakeFiles/cmTC_fc2fb.dir/build.make CMakeFiles/cmTC_fc2fb.dir/build
Building C object CMakeFiles/cmTC_fc2fb.dir/CheckFunctionExists.c.o
/Library/Developer/CommandLineTools/usr/bin/cc   -DCHECK_FUNCTION_EXISTS=remove -isysroot /Library/Developer/CommandLineTools/SDKs/MacOSX10.14.sdk -MD -MT CMakeFiles/cmTC_fc2fb.dir/CheckFunctionExists.c.o -MF CMakeFiles/cmTC_fc2fb.dir/CheckFunctionExists.c.o.d -o CMakeFiles/cmTC_fc2fb.dir/CheckFunctionExists.c.o -c /Applications/CMake.app/Contents/share/cmake-3.20/Modules/CheckFunctionExists.c
Linking C executable cmTC_fc2fb
/Applications/CMake.app/Contents/bin/cmake -E cmake_link_script CMakeFiles/cmTC_fc2fb.dir/link.txt --verbose=1
/Library/Developer/CommandLineTools/usr/bin/cc  -DCHECK_FUNCTION_EXISTS=remove -isysroot /Library/Developer/CommandLineTools/SDKs/MacOSX10.14.sdk -Wl,-search_paths_first -Wl,-headerpad_max_install_names CMakeFiles/cmTC_fc2fb.dir/CheckFunctionExists.c.o -o cmTC_fc2fb 



Determining if the function shmat exists passed with the following output:
Change Dir: /Users/aylab/Documents/Hieu/SealChipModel/imglab_source/build/CMakeFiles/CMakeTmp

Run Build Command(s):/usr/bin/make -f Makefile cmTC_2f1d5/fast && /Library/Developer/CommandLineTools/usr/bin/make  -f CMakeFiles/cmTC_2f1d5.dir/build.make CMakeFiles/cmTC_2f1d5.dir/build
Building C object CMakeFiles/cmTC_2f1d5.dir/CheckFunctionExists.c.o
/Library/Developer/CommandLineTools/usr/bin/cc   -DCHECK_FUNCTION_EXISTS=shmat -isysroot /Library/Developer/CommandLineTools/SDKs/MacOSX10.14.sdk -MD -MT CMakeFiles/cmTC_2f1d5.dir/CheckFunctionExists.c.o -MF CMakeFiles/cmTC_2f1d5.dir/CheckFunctionExists.c.o.d -o CMakeFiles/cmTC_2f1d5.dir/CheckFunctionExists.c.o -c /Applications/CMake.app/Contents/share/cmake-3.20/Modules/CheckFunctionExists.c
Linking C executable cmTC_2f1d5
/Applications/CMake.app/Contents/bin/cmake -E cmake_link_script CMakeFiles/cmTC_2f1d5.dir/link.txt --verbose=1
/Library/Developer/CommandLineTools/usr/bin/cc  -DCHECK_FUNCTION_EXISTS=shmat -isysroot /Library/Developer/CommandLineTools/SDKs/MacOSX10.14.sdk -Wl,-search_paths_first -Wl,-headerpad_max_install_names CMakeFiles/cmTC_2f1d5.dir/CheckFunctionExists.c.o -o cmTC_2f1d5 



Determining if the function IceConnectionNumber exists in the ICE passed with the following output:
Change Dir: /Users/aylab/Documents/Hieu/SealChipModel/imglab_source/build/CMakeFiles/CMakeTmp

Run Build Command(s):/usr/bin/make -f Makefile cmTC_44eac/fast && /Library/Developer/CommandLineTools/usr/bin/make  -f CMakeFiles/cmTC_44eac.dir/build.make CMakeFiles/cmTC_44eac.dir/build
Building C object CMakeFiles/cmTC_44eac.dir/CheckFunctionExists.c.o
/Library/Developer/CommandLineTools/usr/bin/cc   -DCHECK_FUNCTION_EXISTS=IceConnectionNumber -isysroot /Library/Developer/CommandLineTools/SDKs/MacOSX10.14.sdk -MD -MT CMakeFiles/cmTC_44eac.dir/CheckFunctionExists.c.o -MF CMakeFiles/cmTC_44eac.dir/CheckFunctionExists.c.o.d -o CMakeFiles/cmTC_44eac.dir/CheckFunctionExists.c.o -c /Applications/CMake.app/Contents/share/cmake-3.20/Modules/CheckFunctionExists.c
Linking C executable cmTC_44eac
/Applications/CMake.app/Contents/bin/cmake -E cmake_link_script CMakeFiles/cmTC_44eac.dir/link.txt --verbose=1
/Library/Developer/CommandLineTools/usr/bin/cc  -DCHECK_FUNCTION_EXISTS=IceConnectionNumber -isysroot /Library/Developer/CommandLineTools/SDKs/MacOSX10.14.sdk -Wl,-search_paths_first -Wl,-headerpad_max_install_names CMakeFiles/cmTC_44eac.dir/CheckFunctionExists.c.o -o cmTC_44eac   -L/usr/X11R6/lib  -Wl,-rpath,/usr/X11R6/lib -lICE 



Determining if the include file sys/types.h exists passed with the following output:
Change Dir: /Users/aylab/Documents/Hieu/SealChipModel/imglab_source/build/CMakeFiles/CMakeTmp

Run Build Command(s):/usr/bin/make -f Makefile cmTC_d271b/fast && /Library/Developer/CommandLineTools/usr/bin/make  -f CMakeFiles/cmTC_d271b.dir/build.make CMakeFiles/cmTC_d271b.dir/build
Building C object CMakeFiles/cmTC_d271b.dir/CheckIncludeFile.c.o
/Library/Developer/CommandLineTools/usr/bin/cc   -isysroot /Library/Developer/CommandLineTools/SDKs/MacOSX10.14.sdk -MD -MT CMakeFiles/cmTC_d271b.dir/CheckIncludeFile.c.o -MF CMakeFiles/cmTC_d271b.dir/CheckIncludeFile.c.o.d -o CMakeFiles/cmTC_d271b.dir/CheckIncludeFile.c.o -c /Users/aylab/Documents/Hieu/SealChipModel/imglab_source/build/CMakeFiles/CMakeTmp/CheckIncludeFile.c
Linking C executable cmTC_d271b
/Applications/CMake.app/Contents/bin/cmake -E cmake_link_script CMakeFiles/cmTC_d271b.dir/link.txt --verbose=1
/Library/Developer/CommandLineTools/usr/bin/cc  -isysroot /Library/Developer/CommandLineTools/SDKs/MacOSX10.14.sdk -Wl,-search_paths_first -Wl,-headerpad_max_install_names CMakeFiles/cmTC_d271b.dir/CheckIncludeFile.c.o -o cmTC_d271b 



Determining if the include file stdint.h exists passed with the following output:
Change Dir: /Users/aylab/Documents/Hieu/SealChipModel/imglab_source/build/CMakeFiles/CMakeTmp

Run Build Command(s):/usr/bin/make -f Makefile cmTC_56033/fast && /Library/Developer/CommandLineTools/usr/bin/make  -f CMakeFiles/cmTC_56033.dir/build.make CMakeFiles/cmTC_56033.dir/build
Building C object CMakeFiles/cmTC_56033.dir/CheckIncludeFile.c.o
/Library/Developer/CommandLineTools/usr/bin/cc   -isysroot /Library/Developer/CommandLineTools/SDKs/MacOSX10.14.sdk -MD -MT CMakeFiles/cmTC_56033.dir/CheckIncludeFile.c.o -MF CMakeFiles/cmTC_56033.dir/CheckIncludeFile.c.o.d -o CMakeFiles/cmTC_56033.dir/CheckIncludeFile.c.o -c /Users/aylab/Documents/Hieu/SealChipModel/imglab_source/build/CMakeFiles/CMakeTmp/CheckIncludeFile.c
Linking C executable cmTC_56033
/Applications/CMake.app/Contents/bin/cmake -E cmake_link_script CMakeFiles/cmTC_56033.dir/link.txt --verbose=1
/Library/Developer/CommandLineTools/usr/bin/cc  -isysroot /Library/Developer/CommandLineTools/SDKs/MacOSX10.14.sdk -Wl,-search_paths_first -Wl,-headerpad_max_install_names CMakeFiles/cmTC_56033.dir/CheckIncludeFile.c.o -o cmTC_56033 



Determining if the include file stddef.h exists passed with the following output:
Change Dir: /Users/aylab/Documents/Hieu/SealChipModel/imglab_source/build/CMakeFiles/CMakeTmp

Run Build Command(s):/usr/bin/make -f Makefile cmTC_f61c8/fast && /Library/Developer/CommandLineTools/usr/bin/make  -f CMakeFiles/cmTC_f61c8.dir/build.make CMakeFiles/cmTC_f61c8.dir/build
Building C object CMakeFiles/cmTC_f61c8.dir/CheckIncludeFile.c.o
/Library/Developer/CommandLineTools/usr/bin/cc   -isysroot /Library/Developer/CommandLineTools/SDKs/MacOSX10.14.sdk -MD -MT CMakeFiles/cmTC_f61c8.dir/CheckIncludeFile.c.o -MF CMakeFiles/cmTC_f61c8.dir/CheckIncludeFile.c.o.d -o CMakeFiles/cmTC_f61c8.dir/CheckIncludeFile.c.o -c /Users/aylab/Documents/Hieu/SealChipModel/imglab_source/build/CMakeFiles/CMakeTmp/CheckIncludeFile.c
Linking C executable cmTC_f61c8
/Applications/CMake.app/Contents/bin/cmake -E cmake_link_script CMakeFiles/cmTC_f61c8.dir/link.txt --verbose=1
/Library/Developer/CommandLineTools/usr/bin/cc  -isysroot /Library/Developer/CommandLineTools/SDKs/MacOSX10.14.sdk -Wl,-search_paths_first -Wl,-headerpad_max_install_names CMakeFiles/cmTC_f61c8.dir/CheckIncludeFile.c.o -o cmTC_f61c8 



Determining size of void* passed with the following output:
Change Dir: /Users/aylab/Documents/Hieu/SealChipModel/imglab_source/build/CMakeFiles/CMakeTmp

Run Build Command(s):/usr/bin/make -f Makefile cmTC_76f1f/fast && /Library/Developer/CommandLineTools/usr/bin/make  -f CMakeFiles/cmTC_76f1f.dir/build.make CMakeFiles/cmTC_76f1f.dir/build
Building C object CMakeFiles/cmTC_76f1f.dir/SIZE_OF_VOID_PTR.c.o
/Library/Developer/CommandLineTools/usr/bin/cc   -isysroot /Library/Developer/CommandLineTools/SDKs/MacOSX10.14.sdk -MD -MT CMakeFiles/cmTC_76f1f.dir/SIZE_OF_VOID_PTR.c.o -MF CMakeFiles/cmTC_76f1f.dir/SIZE_OF_VOID_PTR.c.o.d -o CMakeFiles/cmTC_76f1f.dir/SIZE_OF_VOID_PTR.c.o -c /Users/aylab/Documents/Hieu/SealChipModel/imglab_source/build/CMakeFiles/CheckTypeSize/SIZE_OF_VOID_PTR.c
Linking C executable cmTC_76f1f
/Applications/CMake.app/Contents/bin/cmake -E cmake_link_script CMakeFiles/cmTC_76f1f.dir/link.txt --verbose=1
/Library/Developer/CommandLineTools/usr/bin/cc  -isysroot /Library/Developer/CommandLineTools/SDKs/MacOSX10.14.sdk -Wl,-search_paths_first -Wl,-headerpad_max_install_names CMakeFiles/cmTC_76f1f.dir/SIZE_OF_VOID_PTR.c.o -o cmTC_76f1f 



Determining if the function cblas_ddot exists passed with the following output:
Change Dir: /Users/aylab/Documents/Hieu/SealChipModel/imglab_source/build/CMakeFiles/CMakeTmp

Run Build Command(s):/usr/bin/make -f Makefile cmTC_5b532/fast && /Library/Developer/CommandLineTools/usr/bin/make  -f CMakeFiles/cmTC_5b532.dir/build.make CMakeFiles/cmTC_5b532.dir/build
Building C object CMakeFiles/cmTC_5b532.dir/CheckFunctionExists.c.o
/Library/Developer/CommandLineTools/usr/bin/cc   -DCHECK_FUNCTION_EXISTS=cblas_ddot -isysroot /Library/Developer/CommandLineTools/SDKs/MacOSX10.14.sdk -MD -MT CMakeFiles/cmTC_5b532.dir/CheckFunctionExists.c.o -MF CMakeFiles/cmTC_5b532.dir/CheckFunctionExists.c.o.d -o CMakeFiles/cmTC_5b532.dir/CheckFunctionExists.c.o -c /Applications/CMake.app/Contents/share/cmake-3.20/Modules/CheckFunctionExists.c
Linking C executable cmTC_5b532
/Applications/CMake.app/Contents/bin/cmake -E cmake_link_script CMakeFiles/cmTC_5b532.dir/link.txt --verbose=1
/Library/Developer/CommandLineTools/usr/bin/cc  -DCHECK_FUNCTION_EXISTS=cblas_ddot -isysroot /Library/Developer/CommandLineTools/SDKs/MacOSX10.14.sdk -Wl,-search_paths_first -Wl,-headerpad_max_install_names CMakeFiles/cmTC_5b532.dir/CheckFunctionExists.c.o -o cmTC_5b532  /Library/Developer/CommandLineTools/SDKs/MacOSX10.14.sdk/usr/lib/libcblas.tbd 



Determining if the function sgesv exists passed with the following output:
Change Dir: /Users/aylab/Documents/Hieu/SealChipModel/imglab_source/build/CMakeFiles/CMakeTmp

Run Build Command(s):/usr/bin/make -f Makefile cmTC_06eed/fast && /Library/Developer/CommandLineTools/usr/bin/make  -f CMakeFiles/cmTC_06eed.dir/build.make CMakeFiles/cmTC_06eed.dir/build
Building C object CMakeFiles/cmTC_06eed.dir/CheckFunctionExists.c.o
/Library/Developer/CommandLineTools/usr/bin/cc   -DCHECK_FUNCTION_EXISTS=sgesv -isysroot /Library/Developer/CommandLineTools/SDKs/MacOSX10.14.sdk -MD -MT CMakeFiles/cmTC_06eed.dir/CheckFunctionExists.c.o -MF CMakeFiles/cmTC_06eed.dir/CheckFunctionExists.c.o.d -o CMakeFiles/cmTC_06eed.dir/CheckFunctionExists.c.o -c /Applications/CMake.app/Contents/share/cmake-3.20/Modules/CheckFunctionExists.c
Linking C executable cmTC_06eed
/Applications/CMake.app/Contents/bin/cmake -E cmake_link_script CMakeFiles/cmTC_06eed.dir/link.txt --verbose=1
/Library/Developer/CommandLineTools/usr/bin/cc  -DCHECK_FUNCTION_EXISTS=sgesv -isysroot /Library/Developer/CommandLineTools/SDKs/MacOSX10.14.sdk -Wl,-search_paths_first -Wl,-headerpad_max_install_names CMakeFiles/cmTC_06eed.dir/CheckFunctionExists.c.o -o cmTC_06eed  /Library/Developer/CommandLineTools/SDKs/MacOSX10.14.sdk/usr/lib/liblapack.tbd 



Determining if the function sgesv_ exists passed with the following output:
Change Dir: /Users/aylab/Documents/Hieu/SealChipModel/imglab_source/build/CMakeFiles/CMakeTmp

Run Build Command(s):/usr/bin/make -f Makefile cmTC_1a5c3/fast && /Library/Developer/CommandLineTools/usr/bin/make  -f CMakeFiles/cmTC_1a5c3.dir/build.make CMakeFiles/cmTC_1a5c3.dir/build
Building C object CMakeFiles/cmTC_1a5c3.dir/CheckFunctionExists.c.o
/Library/Developer/CommandLineTools/usr/bin/cc   -DCHECK_FUNCTION_EXISTS=sgesv_ -isysroot /Library/Developer/CommandLineTools/SDKs/MacOSX10.14.sdk -MD -MT CMakeFiles/cmTC_1a5c3.dir/CheckFunctionExists.c.o -MF CMakeFiles/cmTC_1a5c3.dir/CheckFunctionExists.c.o.d -o CMakeFiles/cmTC_1a5c3.dir/CheckFunctionExists.c.o -c /Applications/CMake.app/Contents/share/cmake-3.20/Modules/CheckFunctionExists.c
Linking C executable cmTC_1a5c3
/Applications/CMake.app/Contents/bin/cmake -E cmake_link_script CMakeFiles/cmTC_1a5c3.dir/link.txt --verbose=1
/Library/Developer/CommandLineTools/usr/bin/cc  -DCHECK_FUNCTION_EXISTS=sgesv_ -isysroot /Library/Developer/CommandLineTools/SDKs/MacOSX10.14.sdk -Wl,-search_paths_first -Wl,-headerpad_max_install_names CMakeFiles/cmTC_1a5c3.dir/CheckFunctionExists.c.o -o cmTC_1a5c3  /Library/Developer/CommandLineTools/SDKs/MacOSX10.14.sdk/usr/lib/liblapack.tbd 



