Determining if the function cblas_ddot exists failed with the following output:
Change Dir: /Users/aylab/Documents/Hieu/SealChipModel/build/CMakeFiles/CMakeTmp

Run Build Command(s):/usr/bin/make -f Makefile cmTC_53ca7/fast && /Library/Developer/CommandLineTools/usr/bin/make  -f CMakeFiles/cmTC_53ca7.dir/build.make CMakeFiles/cmTC_53ca7.dir/build
Building C object CMakeFiles/cmTC_53ca7.dir/CheckFunctionExists.c.o
/Library/Developer/CommandLineTools/usr/bin/cc   -DCHECK_FUNCTION_EXISTS=cblas_ddot -isysroot /Library/Developer/CommandLineTools/SDKs/MacOSX10.14.sdk -MD -MT CMakeFiles/cmTC_53ca7.dir/CheckFunctionExists.c.o -MF CMakeFiles/cmTC_53ca7.dir/CheckFunctionExists.c.o.d -o CMakeFiles/cmTC_53ca7.dir/CheckFunctionExists.c.o -c /Applications/CMake.app/Contents/share/cmake-3.20/Modules/CheckFunctionExists.c
Linking C executable cmTC_53ca7
/Applications/CMake.app/Contents/bin/cmake -E cmake_link_script CMakeFiles/cmTC_53ca7.dir/link.txt --verbose=1
/Library/Developer/CommandLineTools/usr/bin/cc  -DCHECK_FUNCTION_EXISTS=cblas_ddot -isysroot /Library/Developer/CommandLineTools/SDKs/MacOSX10.14.sdk -Wl,-search_paths_first -Wl,-headerpad_max_install_names CMakeFiles/cmTC_53ca7.dir/CheckFunctionExists.c.o -o cmTC_53ca7 
Undefined symbols for architecture x86_64:
  "_cblas_ddot", referenced from:
      _main in CheckFunctionExists.c.o
ld: symbol(s) not found for architecture x86_64
clang: error: linker command failed with exit code 1 (use -v to see invocation)
make[1]: *** [cmTC_53ca7] Error 1
make: *** [cmTC_53ca7/fast] Error 2



Determining if the function sgetrf_single exists failed with the following output:
Change Dir: /Users/aylab/Documents/Hieu/SealChipModel/build/CMakeFiles/CMakeTmp

Run Build Command(s):/usr/bin/make -f Makefile cmTC_dfeb3/fast && /Library/Developer/CommandLineTools/usr/bin/make  -f CMakeFiles/cmTC_dfeb3.dir/build.make CMakeFiles/cmTC_dfeb3.dir/build
Building C object CMakeFiles/cmTC_dfeb3.dir/CheckFunctionExists.c.o
/Library/Developer/CommandLineTools/usr/bin/cc   -DCHECK_FUNCTION_EXISTS=sgetrf_single -isysroot /Library/Developer/CommandLineTools/SDKs/MacOSX10.14.sdk -MD -MT CMakeFiles/cmTC_dfeb3.dir/CheckFunctionExists.c.o -MF CMakeFiles/cmTC_dfeb3.dir/CheckFunctionExists.c.o.d -o CMakeFiles/cmTC_dfeb3.dir/CheckFunctionExists.c.o -c /Applications/CMake.app/Contents/share/cmake-3.20/Modules/CheckFunctionExists.c
Linking C executable cmTC_dfeb3
/Applications/CMake.app/Contents/bin/cmake -E cmake_link_script CMakeFiles/cmTC_dfeb3.dir/link.txt --verbose=1
/Library/Developer/CommandLineTools/usr/bin/cc  -DCHECK_FUNCTION_EXISTS=sgetrf_single -isysroot /Library/Developer/CommandLineTools/SDKs/MacOSX10.14.sdk -Wl,-search_paths_first -Wl,-headerpad_max_install_names CMakeFiles/cmTC_dfeb3.dir/CheckFunctionExists.c.o -o cmTC_dfeb3  /Library/Developer/CommandLineTools/SDKs/MacOSX10.14.sdk/usr/lib/libcblas.tbd 
Undefined symbols for architecture x86_64:
  "_sgetrf_single", referenced from:
      _main in CheckFunctionExists.c.o
ld: symbol(s) not found for architecture x86_64
clang: error: linker command failed with exit code 1 (use -v to see invocation)
make[1]: *** [cmTC_dfeb3] Error 1
make: *** [cmTC_dfeb3/fast] Error 2



